<?xml version="1.0" encoding="UTF-8"?>
<!-- Generated by org.testng.reporters.JUnitXMLReporter -->
<testsuite ignored="1" hostname="DESKTOP-FPHIKD9" failures="0" tests="2" name="Go Rest API Test" time="5.852" errors="0" timestamp="2024-04-21T18:05:00 IST">
  <testcase classname="com.qa.tests.GetUserTest" name="getAllUsersTest" time="4.2"/>
  <testcase classname="com.qa.tests.GetUserTest" name="getUserWithQueryParamsTest" time="0.294"/>
  <testcase classname="com.qa.tests.GetUserTest" name="getUserTest" time="0.0">
    <ignored/>
  </testcase> <!-- getUserTest -->
</testsuite> <!-- Go Rest API Test -->
