<?xml version="1.0" encoding="UTF-8"?>
<!-- Generated by org.testng.reporters.JUnitXMLReporter -->
<testsuite ignored="0" hostname="lp-5cd2297ngc" failures="0" tests="3" name="Go Rest API Create User Test" time="4.95" errors="0" timestamp="2024-05-07T03:08:37 PDT">
  <testcase classname="com.qa.tests.CreateGoRestUserTest" name="createUserTest" time="1.68"/>
  <testcase classname="com.qa.tests.CreateGoRestUserTest" name="createUserTest" time="1.933"/>
  <testcase classname="com.qa.tests.CreateGoRestUserTest" name="createUserTest" time="1.326"/>
</testsuite> <!-- Go Rest API Create User Test -->
