<?xml version="1.0" encoding="UTF-8"?>
<!-- Generated by org.testng.reporters.JUnitXMLReporter -->
<testsuite ignored="0" hostname="lp-5cd2297ngc" failures="0" tests="3" name="Go Rest API Create User Test" time="4.88" errors="0" timestamp="2024-05-30T23:55:55 PDT">
  <testcase classname="com.qa.tests.CreateGoRestUserTest" name="createUserTest" time="1.713"/>
  <testcase classname="com.qa.tests.CreateGoRestUserTest" name="createUserTest" time="1.82"/>
  <testcase classname="com.qa.tests.CreateGoRestUserTest" name="createUserTest" time="1.334"/>
</testsuite> <!-- Go Rest API Create User Test -->
