<?xml version="1.0" encoding="UTF-8"?>
<!-- Generated by org.testng.reporters.JUnitXMLReporter -->
<testsuite ignored="1" hostname="DESKTOP-FPHIKD9" failures="0" tests="2" name="Go Rest API Object User Test" time="1.799" errors="0" timestamp="2024-04-25T19:39:32 IST">
  <testcase classname="com.qa.tests.ObjectUserTest" name="createObjectUserTest" time="1.239"/>
  <testcase classname="com.qa.tests.ObjectUserTest" name="updateObjectUserTest" time="0.55"/>
  <testcase classname="com.qa.tests.ObjectUserTest" name="deleteObjectUserTest" time="0.0">
    <ignored/>
  </testcase> <!-- deleteObjectUserTest -->
</testsuite> <!-- Go Rest API Object User Test -->
