<?xml version="1.0" encoding="UTF-8"?>
<testng-results ignored="0" total="4" passed="4" failed="0" skipped="0">
  <reporter-output>
  </reporter-output>
  <suite started-at="2024-05-30T23:55:43 PDT" name="API Sanity Suite" finished-at="2024-05-30T23:55:55 PDT" duration-ms="11878">
    <groups>
    </groups>
    <test started-at="2024-05-30T23:55:43 PDT" name="Go Rest API Amadeus Test" finished-at="2024-05-30T23:55:49 PDT" duration-ms="6688">
      <class name="com.qa.tests.AmadeusAPITest">
        <test-method is-config="true" signature="setUp(java.lang.String)[pri:0, instance:com.qa.tests.AmadeusAPITest@7e5c856f]" started-at="2024-05-30T23:55:43 PDT" name="setUp" finished-at="2024-05-30T23:55:43 PDT" duration-ms="15" status="PASS">
          <params>
            <param index="0">
              <value>
                <![CDATA[https://test.api.amadeus.com]]>
              </value>
            </param>
          </params>
          <reporter-output>
          </reporter-output>
        </test-method> <!-- setUp -->
        <test-method is-config="true" signature="flightAPiSetup()[pri:0, instance:com.qa.tests.AmadeusAPITest@7e5c856f]" started-at="2024-05-30T23:55:43 PDT" name="flightAPiSetup" finished-at="2024-05-30T23:55:46 PDT" duration-ms="2655" status="PASS">
          <reporter-output>
          </reporter-output>
        </test-method> <!-- flightAPiSetup -->
        <test-method signature="getFlightInfo()[pri:0, instance:com.qa.tests.AmadeusAPITest@7e5c856f]" started-at="2024-05-30T23:55:46 PDT" name="getFlightInfo" finished-at="2024-05-30T23:55:49 PDT" duration-ms="3969" status="PASS">
          <reporter-output>
          </reporter-output>
        </test-method> <!-- getFlightInfo -->
      </class> <!-- com.qa.tests.AmadeusAPITest -->
    </test> <!-- Go Rest API Amadeus Test -->
    <test started-at="2024-05-30T23:55:50 PDT" name="Go Rest API Create User Test" finished-at="2024-05-30T23:55:55 PDT" duration-ms="4880">
      <class name="com.qa.tests.CreateGoRestUserTest">
        <test-method is-config="true" signature="setUp(java.lang.String)[pri:0, instance:com.qa.tests.CreateGoRestUserTest@2ef14fe]" started-at="2024-05-30T23:55:50 PDT" name="setUp" finished-at="2024-05-30T23:55:50 PDT" duration-ms="1" status="PASS">
          <params>
            <param index="0">
              <value>
                <![CDATA[https://gorest.co.in]]>
              </value>
            </param>
          </params>
          <reporter-output>
          </reporter-output>
        </test-method> <!-- setUp -->
        <test-method is-config="true" signature="getUserSetup()[pri:0, instance:com.qa.tests.CreateGoRestUserTest@2ef14fe]" started-at="2024-05-30T23:55:50 PDT" name="getUserSetup" finished-at="2024-05-30T23:55:50 PDT" duration-ms="0" status="PASS">
          <reporter-output>
          </reporter-output>
        </test-method> <!-- getUserSetup -->
        <test-method signature="createUserTest(java.lang.String, java.lang.String, java.lang.String)[pri:0, instance:com.qa.tests.CreateGoRestUserTest@2ef14fe]" started-at="2024-05-30T23:55:50 PDT" name="createUserTest" data-provider="getUserTestData" finished-at="2024-05-30T23:55:52 PDT" duration-ms="1713" status="PASS">
          <params>
            <param index="0">
              <value>
                <![CDATA[Subodh]]>
              </value>
            </param>
            <param index="1">
              <value>
                <![CDATA[male]]>
              </value>
            </param>
            <param index="2">
              <value>
                <![CDATA[active]]>
              </value>
            </param>
          </params>
          <reporter-output>
          </reporter-output>
        </test-method> <!-- createUserTest -->
        <test-method is-config="true" signature="getUserSetup()[pri:0, instance:com.qa.tests.CreateGoRestUserTest@2ef14fe]" started-at="2024-05-30T23:55:52 PDT" name="getUserSetup" finished-at="2024-05-30T23:55:52 PDT" duration-ms="1" status="PASS">
          <reporter-output>
          </reporter-output>
        </test-method> <!-- getUserSetup -->
        <test-method signature="createUserTest(java.lang.String, java.lang.String, java.lang.String)[pri:0, instance:com.qa.tests.CreateGoRestUserTest@2ef14fe]" started-at="2024-05-30T23:55:52 PDT" name="createUserTest" data-provider="getUserTestData" finished-at="2024-05-30T23:55:53 PDT" duration-ms="1820" status="PASS">
          <params>
            <param index="0">
              <value>
                <![CDATA[Seema]]>
              </value>
            </param>
            <param index="1">
              <value>
                <![CDATA[female]]>
              </value>
            </param>
            <param index="2">
              <value>
                <![CDATA[inactive]]>
              </value>
            </param>
          </params>
          <reporter-output>
          </reporter-output>
        </test-method> <!-- createUserTest -->
        <test-method is-config="true" signature="getUserSetup()[pri:0, instance:com.qa.tests.CreateGoRestUserTest@2ef14fe]" started-at="2024-05-30T23:55:53 PDT" name="getUserSetup" finished-at="2024-05-30T23:55:53 PDT" duration-ms="0" status="PASS">
          <reporter-output>
          </reporter-output>
        </test-method> <!-- getUserSetup -->
        <test-method signature="createUserTest(java.lang.String, java.lang.String, java.lang.String)[pri:0, instance:com.qa.tests.CreateGoRestUserTest@2ef14fe]" started-at="2024-05-30T23:55:53 PDT" name="createUserTest" data-provider="getUserTestData" finished-at="2024-05-30T23:55:55 PDT" duration-ms="1334" status="PASS">
          <params>
            <param index="0">
              <value>
                <![CDATA[Madhuri]]>
              </value>
            </param>
            <param index="1">
              <value>
                <![CDATA[female]]>
              </value>
            </param>
            <param index="2">
              <value>
                <![CDATA[active]]>
              </value>
            </param>
          </params>
          <reporter-output>
          </reporter-output>
        </test-method> <!-- createUserTest -->
      </class> <!-- com.qa.tests.CreateGoRestUserTest -->
    </test> <!-- Go Rest API Create User Test -->
  </suite> <!-- API Sanity Suite -->
</testng-results>
